  GuiComponent.cpp
  MainComponent.cpp
  Main.cpp
  juce_audio_basics.cpp
c:\users\hua\documents\github\kinectsender\jucelibrarycode\juceheader.h(18): fatal error C1083: Cannot open include file: 'juce_audio_basics/juce_audio_basics.h': No such file or directory (compiling source file ..\..\Source\MainComponent.cpp)
c:\users\hua\documents\github\kinectsender\jucelibrarycode\juceheader.h(18): fatal error C1083: Cannot open include file: 'juce_audio_basics/juce_audio_basics.h': No such file or directory (compiling source file ..\..\Source\Main.cpp)
c:\users\hua\documents\github\kinectsender\jucelibrarycode\juceheader.h(18): fatal error C1083: Cannot open include file: 'juce_audio_basics/juce_audio_basics.h': No such file or directory (compiling source file ..\..\Source\GuiComponent.cpp)
  juce_audio_devices.cpp
c:\users\hua\documents\github\kinectsender\jucelibrarycode\juce_audio_basics.cpp(9): fatal error C1083: Cannot open include file: 'juce_audio_basics/juce_audio_basics.cpp': No such file or directory
  juce_audio_formats.cpp
  juce_audio_processors.cpp
  juce_core.cpp
c:\users\hua\documents\github\kinectsender\jucelibrarycode\juce_audio_processors.cpp(9): fatal error C1083: Cannot open include file: 'juce_audio_processors/juce_audio_processors.cpp': No such file or directory
c:\users\hua\documents\github\kinectsender\jucelibrarycode\juce_audio_devices.cpp(9): fatal error C1083: Cannot open include file: 'juce_audio_devices/juce_audio_devices.cpp': No such file or directory
c:\users\hua\documents\github\kinectsender\jucelibrarycode\juce_core.cpp(9): fatal error C1083: Cannot open include file: 'juce_core/juce_core.cpp': No such file or directory
  juce_cryptography.cpp
  juce_data_structures.cpp
  juce_events.cpp
c:\users\hua\documents\github\kinectsender\jucelibrarycode\juce_audio_formats.cpp(9): fatal error C1083: Cannot open include file: 'juce_audio_formats/juce_audio_formats.cpp': No such file or directory
  juce_graphics.cpp
c:\users\hua\documents\github\kinectsender\jucelibrarycode\juce_events.cpp(9): fatal error C1083: Cannot open include file: 'juce_events/juce_events.cpp': No such file or directory
c:\users\hua\documents\github\kinectsender\jucelibrarycode\juce_data_structures.cpp(9): fatal error C1083: Cannot open include file: 'juce_data_structures/juce_data_structures.cpp': No such file or directory
c:\users\hua\documents\github\kinectsender\jucelibrarycode\juce_cryptography.cpp(9): fatal error C1083: Cannot open include file: 'juce_cryptography/juce_cryptography.cpp': No such file or directory
  juce_gui_basics.cpp
  juce_gui_extra.cpp
  juce_opengl.cpp
c:\users\hua\documents\github\kinectsender\jucelibrarycode\juce_gui_basics.cpp(9): fatal error C1083: Cannot open include file: 'juce_gui_basics/juce_gui_basics.cpp': No such file or directory
c:\users\hua\documents\github\kinectsender\jucelibrarycode\juce_graphics.cpp(9): fatal error C1083: Cannot open include file: 'juce_graphics/juce_graphics.cpp': No such file or directory
  juce_video.cpp
c:\users\hua\documents\github\kinectsender\jucelibrarycode\juce_gui_extra.cpp(9): fatal error C1083: Cannot open include file: 'juce_gui_extra/juce_gui_extra.cpp': No such file or directory
c:\users\hua\documents\github\kinectsender\jucelibrarycode\juce_opengl.cpp(9): fatal error C1083: Cannot open include file: 'juce_opengl/juce_opengl.cpp': No such file or directory
c:\users\hua\documents\github\kinectsender\jucelibrarycode\juce_video.cpp(9): fatal error C1083: Cannot open include file: 'juce_video/juce_video.cpp': No such file or directory
